19:01:22.938 [main] INFO  testCases.TC_001_AccountRegistrationTest - Starting TC_001_AccountRegistrationTest ***
19:01:24.023 [main] INFO  testCases.TC_001_AccountRegistrationTest - clicked on my account link
19:01:24.023 [main] INFO  testCases.TC_001_AccountRegistrationTest - providing customer data
19:01:26.267 [main] INFO  testCases.TC_001_AccountRegistrationTest - clicked on continue
19:01:26.305 [main] INFO  testCases.TC_001_AccountRegistrationTest - validating expected message
19:01:26.315 [main] INFO  testCases.TC_001_AccountRegistrationTest - **** Finished TC_001_AccountRegistrationTest ***
19:05:49.824 [main] INFO  testCases.TC_001_AccountRegistrationTest - Starting TC_001_AccountRegistrationTest ***
19:05:51.040 [main] INFO  testCases.TC_001_AccountRegistrationTest - clicked on my account link
19:05:51.043 [main] INFO  testCases.TC_001_AccountRegistrationTest - providing customer data
19:05:53.293 [main] INFO  testCases.TC_001_AccountRegistrationTest - clicked on continue
19:05:53.335 [main] INFO  testCases.TC_001_AccountRegistrationTest - validating expected message
19:05:53.338 [main] INFO  testCases.TC_001_AccountRegistrationTest - **** Finished TC_001_AccountRegistrationTest ***
19:06:48.283 [main] INFO  testCases.TC_001_AccountRegistrationTest - Starting TC_001_AccountRegistrationTest ***
19:06:51.738 [main] INFO  testCases.TC_001_AccountRegistrationTest - clicked on my account link
19:06:51.738 [main] INFO  testCases.TC_001_AccountRegistrationTest - providing customer data
19:06:54.126 [main] INFO  testCases.TC_001_AccountRegistrationTest - clicked on continue
19:06:54.198 [main] INFO  testCases.TC_001_AccountRegistrationTest - validating expected message
19:06:54.205 [main] INFO  testCases.TC_001_AccountRegistrationTest - **** Finished TC_001_AccountRegistrationTest ***
19:23:38.667 [main] INFO  testCases.TC_001_AccountRegistrationTest - Starting TC_001_AccountRegistrationTest ***
19:23:42.326 [main] INFO  testCases.TC_001_AccountRegistrationTest - clicked on my account link
19:23:42.331 [main] INFO  testCases.TC_001_AccountRegistrationTest - providing customer data
19:23:44.597 [main] INFO  testCases.TC_001_AccountRegistrationTest - clicked on continue
19:23:44.641 [main] INFO  testCases.TC_001_AccountRegistrationTest - validating expected message
19:23:44.648 [main] INFO  testCases.TC_001_AccountRegistrationTest - **** Finished TC_001_AccountRegistrationTest ***
19:35:31.373 [main] INFO  testCases.TC_001_AccountRegistrationTest - Starting TC_001_AccountRegistrationTest ***
19:35:32.613 [main] INFO  testCases.TC_001_AccountRegistrationTest - clicked on my account link
19:35:32.619 [main] INFO  testCases.TC_001_AccountRegistrationTest - providing customer data
19:35:35.038 [main] INFO  testCases.TC_001_AccountRegistrationTest - clicked on continue
19:35:35.097 [main] INFO  testCases.TC_001_AccountRegistrationTest - validating expected message
19:35:35.102 [main] INFO  testCases.TC_001_AccountRegistrationTest - **** Finished TC_001_AccountRegistrationTest ***
19:36:08.979 [main] INFO  testCases.TC_001_AccountRegistrationTest - Starting TC_001_AccountRegistrationTest ***
19:36:10.725 [main] INFO  testCases.TC_001_AccountRegistrationTest - clicked on my account link
19:36:10.732 [main] INFO  testCases.TC_001_AccountRegistrationTest - providing customer data
19:36:12.249 [main] INFO  testCases.TC_001_AccountRegistrationTest - clicked on continue
19:36:12.278 [main] INFO  testCases.TC_001_AccountRegistrationTest - validating expected message
19:36:12.282 [main] INFO  testCases.TC_001_AccountRegistrationTest - **** Finished TC_001_AccountRegistrationTest ***
19:43:10.777 [TestNG-tests-1] INFO  testCases.TC_001_AccountRegistrationTest - Starting TC_001_AccountRegistrationTest ***
19:43:12.292 [TestNG-tests-1] INFO  testCases.TC_001_AccountRegistrationTest - clicked on my account link
19:43:12.300 [TestNG-tests-1] INFO  testCases.TC_001_AccountRegistrationTest - providing customer data
19:43:13.263 [TestNG-tests-2] INFO  testCases.TC_001_AccountRegistrationTest - Starting TC_001_AccountRegistrationTest ***
19:43:14.545 [TestNG-tests-1] INFO  testCases.TC_001_AccountRegistrationTest - clicked on continue
19:43:14.611 [TestNG-tests-1] INFO  testCases.TC_001_AccountRegistrationTest - validating expected message
19:43:14.611 [TestNG-tests-1] INFO  testCases.TC_001_AccountRegistrationTest - **** Finished TC_001_AccountRegistrationTest ***
19:43:14.869 [TestNG-tests-2] INFO  testCases.TC_001_AccountRegistrationTest - clicked on my account link
19:43:14.869 [TestNG-tests-2] INFO  testCases.TC_001_AccountRegistrationTest - providing customer data
19:43:16.630 [TestNG-tests-2] INFO  testCases.TC_001_AccountRegistrationTest - clicked on continue
19:43:16.662 [TestNG-tests-2] INFO  testCases.TC_001_AccountRegistrationTest - validating expected message
19:43:16.662 [TestNG-tests-2] INFO  testCases.TC_001_AccountRegistrationTest - **** Finished TC_001_AccountRegistrationTest ***
19:53:23.856 [main] INFO  testCases.TC_001_AccountRegistrationTest - Starting TC_001_AccountRegistrationTest ***
19:53:25.759 [main] INFO  testCases.TC_001_AccountRegistrationTest - clicked on my account link
19:53:25.769 [main] INFO  testCases.TC_001_AccountRegistrationTest - providing customer data
19:53:27.215 [main] INFO  testCases.TC_001_AccountRegistrationTest - clicked on continue
19:53:27.238 [main] INFO  testCases.TC_001_AccountRegistrationTest - validating expected message
19:53:27.238 [main] INFO  testCases.TC_001_AccountRegistrationTest - **** Finished TC_001_AccountRegistrationTest ***
20:59:37.067 [main] INFO  testCases.TC_001_AccountRegistrationTest - Starting TC_001_AccountRegistrationTest ***
20:59:38.544 [main] INFO  testCases.TC_001_AccountRegistrationTest - clicked on my account link
20:59:38.544 [main] INFO  testCases.TC_001_AccountRegistrationTest - providing customer data
20:59:40.240 [main] INFO  testCases.TC_001_AccountRegistrationTest - clicked on continue
20:59:40.274 [main] INFO  testCases.TC_001_AccountRegistrationTest - validating expected message
20:59:40.274 [main] INFO  testCases.TC_001_AccountRegistrationTest - **** Finished TC_001_AccountRegistrationTest ***
21:00:55.280 [main] INFO  testCases.TC_001_AccountRegistrationTest - Starting TC_001_AccountRegistrationTest ***
21:00:59.000 [main] INFO  testCases.TC_001_AccountRegistrationTest - clicked on my account link
21:00:59.018 [main] INFO  testCases.TC_001_AccountRegistrationTest - providing customer data
21:01:00.054 [main] INFO  testCases.TC_001_AccountRegistrationTest - clicked on continue
21:01:10.092 [main] INFO  testCases.TC_001_AccountRegistrationTest - validating expected message
14:46:53.363 [main] INFO  testCases.TC_001_AccountRegistrationTest - Starting TC_001_AccountRegistrationTest ***
14:46:56.753 [main] INFO  testCases.TC_001_AccountRegistrationTest - clicked on my account link
14:46:56.762 [main] INFO  testCases.TC_001_AccountRegistrationTest - providing customer data
14:46:58.168 [main] INFO  testCases.TC_001_AccountRegistrationTest - clicked on continue
14:47:08.308 [main] INFO  testCases.TC_001_AccountRegistrationTest - validating expected message
14:47:15.778 [main] INFO  testCases.TC_002_LoginTest - ***Starting TC_02_LoginTest ****
14:47:15.901 [main] INFO  testCases.TC_002_LoginTest - clicked on MyAccount 
14:47:16.523 [main] INFO  testCases.TC_002_LoginTest - clicked on login link
14:47:16.524 [main] INFO  testCases.TC_002_LoginTest - providing the login details
14:47:17.357 [main] INFO  testCases.TC_002_LoginTest - clicked on login
14:49:02.311 [main] INFO  testCases.TC_002_LoginTest - ***Starting TC_02_LoginTest ****
14:49:02.483 [main] INFO  testCases.TC_002_LoginTest - clicked on MyAccount 
14:49:03.098 [main] INFO  testCases.TC_002_LoginTest - clicked on login link
14:49:03.098 [main] INFO  testCases.TC_002_LoginTest - providing the login details
14:49:04.423 [main] INFO  testCases.TC_002_LoginTest - clicked on login
14:49:04.511 [main] INFO  testCases.TC_002_LoginTest - *** Finished TC_002_LoginTest ****
15:57:25.352 [main] INFO  testCases.TC_003_LoginDDT - *** Starting TC_003__LoginDDT
15:57:28.637 [main] INFO  testCases.TC_003_LoginDDT - clicked on MyAccount 
15:57:32.241 [main] INFO  testCases.TC_003_LoginDDT - clicked on login link
15:57:32.587 [main] INFO  testCases.TC_003_LoginDDT - *** Starting TC_003__LoginDDT
15:57:35.690 [main] INFO  testCases.TC_003_LoginDDT - clicked on MyAccount 
15:57:40.804 [main] INFO  testCases.TC_003_LoginDDT - clicked on login link
15:57:41.080 [main] INFO  testCases.TC_003_LoginDDT - *** Starting TC_003__LoginDDT
15:57:44.154 [main] INFO  testCases.TC_003_LoginDDT - clicked on MyAccount 
15:57:48.357 [main] INFO  testCases.TC_003_LoginDDT - clicked on login link
15:57:48.707 [main] INFO  testCases.TC_003_LoginDDT - *** Starting TC_003__LoginDDT
15:57:51.853 [main] INFO  testCases.TC_003_LoginDDT - clicked on MyAccount 
15:57:56.207 [main] INFO  testCases.TC_003_LoginDDT - clicked on login link
15:57:56.575 [main] INFO  testCases.TC_003_LoginDDT - *** Starting TC_003__LoginDDT
15:57:59.714 [main] INFO  testCases.TC_003_LoginDDT - clicked on MyAccount 
15:58:04.161 [main] INFO  testCases.TC_003_LoginDDT - clicked on login link
16:03:02.284 [main] INFO  testCases.TC_003_LoginDDT - *** Starting TC_003__LoginDDT
16:03:05.545 [main] INFO  testCases.TC_003_LoginDDT - clicked on MyAccount 
16:03:09.164 [main] INFO  testCases.TC_003_LoginDDT - clicked on login link
16:03:16.671 [main] INFO  testCases.TC_003_LoginDDT - *** Finished TC_003__LoginDDT
16:03:16.706 [main] INFO  testCases.TC_003_LoginDDT - *** Starting TC_003__LoginDDT
16:03:19.811 [main] INFO  testCases.TC_003_LoginDDT - clicked on MyAccount 
16:03:30.252 [main] INFO  testCases.TC_003_LoginDDT - *** Starting TC_003__LoginDDT
16:03:33.341 [main] INFO  testCases.TC_003_LoginDDT - clicked on MyAccount 
16:03:43.643 [main] INFO  testCases.TC_003_LoginDDT - *** Starting TC_003__LoginDDT
16:03:46.727 [main] INFO  testCases.TC_003_LoginDDT - clicked on MyAccount 
16:03:57.059 [main] INFO  testCases.TC_003_LoginDDT - *** Starting TC_003__LoginDDT
16:04:00.115 [main] INFO  testCases.TC_003_LoginDDT - clicked on MyAccount 
16:07:22.970 [main] INFO  testCases.TC_003_LoginDDT - *** Starting TC_003__LoginDDT
16:07:23.240 [main] INFO  testCases.TC_003_LoginDDT - clicked on MyAccount 
16:07:23.857 [main] INFO  testCases.TC_003_LoginDDT - clicked on login link
16:07:25.962 [main] INFO  testCases.TC_003_LoginDDT - *** Finished TC_003__LoginDDT
16:07:25.984 [main] INFO  testCases.TC_003_LoginDDT - *** Starting TC_003__LoginDDT
16:07:26.077 [main] INFO  testCases.TC_003_LoginDDT - clicked on MyAccount 
16:07:36.447 [main] INFO  testCases.TC_003_LoginDDT - *** Starting TC_003__LoginDDT
16:07:36.545 [main] INFO  testCases.TC_003_LoginDDT - clicked on MyAccount 
16:07:46.961 [main] INFO  testCases.TC_003_LoginDDT - *** Starting TC_003__LoginDDT
16:07:47.101 [main] INFO  testCases.TC_003_LoginDDT - clicked on MyAccount 
16:07:57.471 [main] INFO  testCases.TC_003_LoginDDT - *** Starting TC_003__LoginDDT
16:07:57.552 [main] INFO  testCases.TC_003_LoginDDT - clicked on MyAccount 
16:11:32.747 [main] INFO  testCases.TC_003_LoginDDT - *** Starting TC_003__LoginDDT
16:11:32.950 [main] INFO  testCases.TC_003_LoginDDT - clicked on MyAccount 
16:11:33.545 [main] INFO  testCases.TC_003_LoginDDT - clicked on login link
16:11:35.739 [main] INFO  testCases.TC_003_LoginDDT - *** Finished TC_003__LoginDDT
16:11:35.763 [main] INFO  testCases.TC_003_LoginDDT - *** Starting TC_003__LoginDDT
16:11:35.877 [main] INFO  testCases.TC_003_LoginDDT - clicked on MyAccount 
16:11:46.336 [main] INFO  testCases.TC_003_LoginDDT - *** Starting TC_003__LoginDDT
16:11:46.441 [main] INFO  testCases.TC_003_LoginDDT - clicked on MyAccount 
16:11:51.686 [main] INFO  testCases.TC_003_LoginDDT - clicked on login link
16:12:03.216 [main] INFO  testCases.TC_003_LoginDDT - *** Finished TC_003__LoginDDT
16:12:03.233 [main] INFO  testCases.TC_003_LoginDDT - *** Starting TC_003__LoginDDT
16:12:03.312 [main] INFO  testCases.TC_003_LoginDDT - clicked on MyAccount 
16:12:04.441 [main] INFO  testCases.TC_003_LoginDDT - clicked on login link
16:12:15.635 [main] INFO  testCases.TC_003_LoginDDT - *** Finished TC_003__LoginDDT
16:12:15.649 [main] INFO  testCases.TC_003_LoginDDT - *** Starting TC_003__LoginDDT
16:12:15.796 [main] INFO  testCases.TC_003_LoginDDT - clicked on MyAccount 
16:12:16.895 [main] INFO  testCases.TC_003_LoginDDT - clicked on login link
16:14:42.577 [main] INFO  testCases.TC_003_LoginDDT - *** Starting TC_003__LoginDDT
16:14:42.811 [main] INFO  testCases.TC_003_LoginDDT - clicked on MyAccount 
16:14:43.471 [main] INFO  testCases.TC_003_LoginDDT - clicked on login link
16:14:45.461 [main] INFO  testCases.TC_003_LoginDDT - *** Finished TC_003__LoginDDT
16:14:45.479 [main] INFO  testCases.TC_003_LoginDDT - *** Starting TC_003__LoginDDT
16:14:45.569 [main] INFO  testCases.TC_003_LoginDDT - clicked on MyAccount 
16:14:56.030 [main] INFO  testCases.TC_003_LoginDDT - *** Starting TC_003__LoginDDT
16:14:56.112 [main] INFO  testCases.TC_003_LoginDDT - clicked on MyAccount 
16:15:06.493 [main] INFO  testCases.TC_003_LoginDDT - *** Starting TC_003__LoginDDT
16:15:06.610 [main] INFO  testCases.TC_003_LoginDDT - clicked on MyAccount 
16:15:16.970 [main] INFO  testCases.TC_003_LoginDDT - *** Starting TC_003__LoginDDT
16:15:17.072 [main] INFO  testCases.TC_003_LoginDDT - clicked on MyAccount 
16:17:02.721 [main] INFO  testCases.TC_003_LoginDDT - *** Starting TC_003__LoginDDT
16:17:02.972 [main] INFO  testCases.TC_003_LoginDDT - clicked on MyAccount 
16:17:03.581 [main] INFO  testCases.TC_003_LoginDDT - clicked on login link
16:17:15.999 [main] INFO  testCases.TC_003_LoginDDT - *** Starting TC_003__LoginDDT
16:17:16.091 [main] INFO  testCases.TC_003_LoginDDT - clicked on MyAccount 
16:17:26.436 [main] INFO  testCases.TC_003_LoginDDT - *** Starting TC_003__LoginDDT
16:17:26.557 [main] INFO  testCases.TC_003_LoginDDT - clicked on MyAccount 
16:17:36.850 [main] INFO  testCases.TC_003_LoginDDT - *** Starting TC_003__LoginDDT
16:17:36.890 [main] INFO  testCases.TC_003_LoginDDT - clicked on MyAccount 
16:17:47.220 [main] INFO  testCases.TC_003_LoginDDT - *** Starting TC_003__LoginDDT
16:17:47.315 [main] INFO  testCases.TC_003_LoginDDT - clicked on MyAccount 
16:18:30.392 [main] INFO  testCases.TC_003_LoginDDT - *** Starting TC_003__LoginDDT
16:18:30.639 [main] INFO  testCases.TC_003_LoginDDT - clicked on MyAccount 
16:18:31.326 [main] INFO  testCases.TC_003_LoginDDT - clicked on login link
16:18:34.380 [main] INFO  testCases.TC_003_LoginDDT - *** Finished TC_003__LoginDDT
16:18:34.407 [main] INFO  testCases.TC_003_LoginDDT - *** Starting TC_003__LoginDDT
16:18:34.507 [main] INFO  testCases.TC_003_LoginDDT - clicked on MyAccount 
16:18:35.069 [main] INFO  testCases.TC_003_LoginDDT - clicked on login link
16:18:46.154 [main] INFO  testCases.TC_003_LoginDDT - *** Finished TC_003__LoginDDT
16:18:46.166 [main] INFO  testCases.TC_003_LoginDDT - *** Starting TC_003__LoginDDT
16:18:46.243 [main] INFO  testCases.TC_003_LoginDDT - clicked on MyAccount 
16:18:46.790 [main] INFO  testCases.TC_003_LoginDDT - clicked on login link
16:18:57.934 [main] INFO  testCases.TC_003_LoginDDT - *** Finished TC_003__LoginDDT
16:18:57.942 [main] INFO  testCases.TC_003_LoginDDT - *** Starting TC_003__LoginDDT
16:18:58.023 [main] INFO  testCases.TC_003_LoginDDT - clicked on MyAccount 
16:18:59.350 [main] INFO  testCases.TC_003_LoginDDT - clicked on login link
16:19:10.416 [main] INFO  testCases.TC_003_LoginDDT - *** Finished TC_003__LoginDDT
16:19:10.455 [main] INFO  testCases.TC_003_LoginDDT - *** Starting TC_003__LoginDDT
16:19:10.526 [main] INFO  testCases.TC_003_LoginDDT - clicked on MyAccount 
16:19:11.629 [main] INFO  testCases.TC_003_LoginDDT - clicked on login link
16:19:14.708 [main] INFO  testCases.TC_003_LoginDDT - *** Finished TC_003__LoginDDT
16:35:36.976 [main] INFO  testCases.TC_002_LoginTest - ***Starting TC_02_LoginTest ****
16:35:37.127 [main] INFO  testCases.TC_002_LoginTest - clicked on MyAccount 
16:35:37.746 [main] INFO  testCases.TC_002_LoginTest - clicked on login link
16:35:37.751 [main] INFO  testCases.TC_002_LoginTest - providing the login details
16:35:39.118 [main] INFO  testCases.TC_002_LoginTest - clicked on login
16:35:39.207 [main] INFO  testCases.TC_002_LoginTest - *** Finished TC_002_LoginTest ****
16:36:25.162 [main] INFO  testCases.TC_001_AccountRegistrationTest - Starting TC_001_AccountRegistrationTest ***
16:36:26.700 [main] INFO  testCases.TC_001_AccountRegistrationTest - clicked on my account link
16:36:26.710 [main] INFO  testCases.TC_001_AccountRegistrationTest - providing customer data
16:36:28.282 [main] INFO  testCases.TC_001_AccountRegistrationTest - clicked on continue
16:36:38.313 [main] INFO  testCases.TC_001_AccountRegistrationTest - validating expected message
16:36:45.618 [main] INFO  testCases.TC_002_LoginTest - ***Starting TC_02_LoginTest ****
16:36:45.735 [main] INFO  testCases.TC_002_LoginTest - clicked on MyAccount 
16:36:46.356 [main] INFO  testCases.TC_002_LoginTest - clicked on login link
16:36:46.360 [main] INFO  testCases.TC_002_LoginTest - providing the login details
16:36:47.679 [main] INFO  testCases.TC_002_LoginTest - clicked on login
16:36:47.749 [main] INFO  testCases.TC_002_LoginTest - *** Finished TC_002_LoginTest ****
16:38:48.531 [main] INFO  testCases.TC_001_AccountRegistrationTest - Starting TC_001_AccountRegistrationTest ***
16:38:50.658 [main] INFO  testCases.TC_001_AccountRegistrationTest - clicked on my account link
16:38:50.667 [main] INFO  testCases.TC_001_AccountRegistrationTest - providing customer data
16:38:52.842 [main] INFO  testCases.TC_001_AccountRegistrationTest - clicked on continue
16:38:52.926 [main] INFO  testCases.TC_001_AccountRegistrationTest - validating expected message
16:38:52.926 [main] INFO  testCases.TC_001_AccountRegistrationTest - **** Finished TC_001_AccountRegistrationTest ***
16:39:01.378 [main] INFO  testCases.TC_002_LoginTest - ***Starting TC_02_LoginTest ****
16:39:01.497 [main] INFO  testCases.TC_002_LoginTest - clicked on MyAccount 
16:39:02.160 [main] INFO  testCases.TC_002_LoginTest - clicked on login link
16:39:02.164 [main] INFO  testCases.TC_002_LoginTest - providing the login details
16:39:03.388 [main] INFO  testCases.TC_002_LoginTest - clicked on login
16:39:03.476 [main] INFO  testCases.TC_002_LoginTest - *** Finished TC_002_LoginTest ****
16:44:50.714 [main] INFO  testCases.TC_001_AccountRegistrationTest - Starting TC_001_AccountRegistrationTest ***
16:44:52.761 [main] INFO  testCases.TC_001_AccountRegistrationTest - clicked on my account link
16:44:52.761 [main] INFO  testCases.TC_001_AccountRegistrationTest - providing customer data
16:44:54.924 [main] INFO  testCases.TC_001_AccountRegistrationTest - clicked on continue
16:44:54.989 [main] INFO  testCases.TC_001_AccountRegistrationTest - validating expected message
16:45:02.446 [main] INFO  testCases.TC_002_LoginTest - ***Starting TC_02_LoginTest ****
16:45:02.556 [main] INFO  testCases.TC_002_LoginTest - clicked on MyAccount 
16:45:03.189 [main] INFO  testCases.TC_002_LoginTest - clicked on login link
16:45:03.189 [main] INFO  testCases.TC_002_LoginTest - providing the login details
16:45:04.490 [main] INFO  testCases.TC_002_LoginTest - clicked on login
16:45:04.572 [main] INFO  testCases.TC_002_LoginTest - *** Finished TC_002_LoginTest ****
16:46:07.620 [main] INFO  testCases.TC_001_AccountRegistrationTest - Starting TC_001_AccountRegistrationTest ***
16:46:09.644 [main] INFO  testCases.TC_001_AccountRegistrationTest - clicked on my account link
16:46:09.644 [main] INFO  testCases.TC_001_AccountRegistrationTest - providing customer data
16:46:11.807 [main] INFO  testCases.TC_001_AccountRegistrationTest - clicked on continue
16:46:11.873 [main] INFO  testCases.TC_001_AccountRegistrationTest - validating expected message
16:46:11.876 [main] INFO  testCases.TC_001_AccountRegistrationTest - **** Finished TC_001_AccountRegistrationTest ***
16:48:03.742 [main] INFO  testCases.TC_001_AccountRegistrationTest - Starting TC_001_AccountRegistrationTest ***
16:48:05.761 [main] INFO  testCases.TC_001_AccountRegistrationTest - clicked on my account link
16:48:05.763 [main] INFO  testCases.TC_001_AccountRegistrationTest - providing customer data
16:48:07.903 [main] INFO  testCases.TC_001_AccountRegistrationTest - clicked on continue
16:48:07.975 [main] INFO  testCases.TC_001_AccountRegistrationTest - validating expected message
16:48:07.975 [main] INFO  testCases.TC_001_AccountRegistrationTest - **** Finished TC_001_AccountRegistrationTest ***
16:48:21.623 [main] INFO  testCases.TC_002_LoginTest - ***Starting TC_02_LoginTest ****
16:48:21.745 [main] INFO  testCases.TC_002_LoginTest - clicked on MyAccount 
16:48:22.380 [main] INFO  testCases.TC_002_LoginTest - clicked on login link
16:48:22.387 [main] INFO  testCases.TC_002_LoginTest - providing the login details
16:48:23.391 [main] INFO  testCases.TC_002_LoginTest - clicked on login
16:49:33.802 [main] INFO  testCases.TC_002_LoginTest - ***Starting TC_02_LoginTest ****
16:49:33.938 [main] INFO  testCases.TC_002_LoginTest - clicked on MyAccount 
16:49:34.562 [main] INFO  testCases.TC_002_LoginTest - clicked on login link
16:49:34.562 [main] INFO  testCases.TC_002_LoginTest - providing the login details
16:49:35.890 [main] INFO  testCases.TC_002_LoginTest - clicked on login
16:49:35.984 [main] INFO  testCases.TC_002_LoginTest - *** Finished TC_002_LoginTest ****
16:50:08.354 [main] INFO  testCases.TC_001_AccountRegistrationTest - Starting TC_001_AccountRegistrationTest ***
16:50:10.374 [main] INFO  testCases.TC_001_AccountRegistrationTest - clicked on my account link
16:50:10.376 [main] INFO  testCases.TC_001_AccountRegistrationTest - providing customer data
16:50:12.754 [main] INFO  testCases.TC_001_AccountRegistrationTest - clicked on continue
16:50:12.818 [main] INFO  testCases.TC_001_AccountRegistrationTest - validating expected message
16:50:12.818 [main] INFO  testCases.TC_001_AccountRegistrationTest - **** Finished TC_001_AccountRegistrationTest ***
16:50:20.326 [main] INFO  testCases.TC_002_LoginTest - ***Starting TC_02_LoginTest ****
16:50:20.471 [main] INFO  testCases.TC_002_LoginTest - clicked on MyAccount 
16:50:21.066 [main] INFO  testCases.TC_002_LoginTest - clicked on login link
16:50:21.073 [main] INFO  testCases.TC_002_LoginTest - providing the login details
16:50:22.389 [main] INFO  testCases.TC_002_LoginTest - clicked on login
16:50:22.453 [main] INFO  testCases.TC_002_LoginTest - *** Finished TC_002_LoginTest ****
15:17:08.842 [main] INFO  testCases.TC_001_AccountRegistrationTest - Starting TC_001_AccountRegistrationTest ***
15:17:09.693 [main] INFO  testCases.TC_001_AccountRegistrationTest - clicked on my account link
15:17:09.693 [main] INFO  testCases.TC_001_AccountRegistrationTest - providing customer data
15:17:12.171 [main] INFO  testCases.TC_001_AccountRegistrationTest - clicked on continue
15:17:12.227 [main] INFO  testCases.TC_001_AccountRegistrationTest - validating expected message
15:17:12.235 [main] INFO  testCases.TC_001_AccountRegistrationTest - **** Finished TC_001_AccountRegistrationTest ***
15:17:17.482 [main] INFO  testCases.TC_002_LoginTest - ***Starting TC_02_LoginTest ****
15:17:17.678 [main] INFO  testCases.TC_002_LoginTest - clicked on MyAccount 
15:17:18.134 [main] INFO  testCases.TC_002_LoginTest - clicked on login link
15:17:18.140 [main] INFO  testCases.TC_002_LoginTest - providing the login details
15:17:19.594 [main] INFO  testCases.TC_002_LoginTest - clicked on login
15:17:19.636 [main] INFO  testCases.TC_002_LoginTest - *** Finished TC_002_LoginTest ****
15:22:55.217 [main] INFO  testCases.TC_001_AccountRegistrationTest - Starting TC_001_AccountRegistrationTest ***
15:22:56.261 [main] INFO  testCases.TC_001_AccountRegistrationTest - clicked on my account link
15:22:56.264 [main] INFO  testCases.TC_001_AccountRegistrationTest - providing customer data
15:22:56.708 [main] ERROR testCases.TC_001_AccountRegistrationTest - test failed
15:31:44.085 [main] INFO  testCases.TC_001_AccountRegistrationTest - Starting TC_001_AccountRegistrationTest ***
15:31:45.292 [main] INFO  testCases.TC_001_AccountRegistrationTest - clicked on my account link
15:31:45.292 [main] INFO  testCases.TC_001_AccountRegistrationTest - providing customer data
15:31:46.463 [main] INFO  testCases.TC_001_AccountRegistrationTest - clicked on continue
15:31:46.494 [main] INFO  testCases.TC_001_AccountRegistrationTest - validating expected message
15:31:46.494 [main] INFO  testCases.TC_001_AccountRegistrationTest - **** Finished TC_001_AccountRegistrationTest ***
15:31:55.060 [main] INFO  testCases.TC_002_LoginTest - ***Starting TC_02_LoginTest ****
15:31:55.337 [main] INFO  testCases.TC_002_LoginTest - clicked on MyAccount 
15:31:55.869 [main] INFO  testCases.TC_002_LoginTest - clicked on login link
15:31:55.869 [main] INFO  testCases.TC_002_LoginTest - providing the login details
15:31:56.714 [main] INFO  testCases.TC_002_LoginTest - clicked on login
15:31:56.765 [main] INFO  testCases.TC_002_LoginTest - *** Finished TC_002_LoginTest ****
15:32:55.578 [main] INFO  testCases.TC_001_AccountRegistrationTest - Starting TC_001_AccountRegistrationTest ***
15:32:56.506 [main] INFO  testCases.TC_001_AccountRegistrationTest - clicked on my account link
15:32:56.508 [main] INFO  testCases.TC_001_AccountRegistrationTest - providing customer data
15:32:58.780 [main] INFO  testCases.TC_001_AccountRegistrationTest - clicked on continue
15:32:58.825 [main] INFO  testCases.TC_001_AccountRegistrationTest - validating expected message
15:32:58.831 [main] INFO  testCases.TC_001_AccountRegistrationTest - **** Finished TC_001_AccountRegistrationTest ***
15:33:04.112 [main] INFO  testCases.TC_002_LoginTest - ***Starting TC_02_LoginTest ****
15:33:04.214 [main] INFO  testCases.TC_002_LoginTest - clicked on MyAccount 
15:33:04.649 [main] INFO  testCases.TC_002_LoginTest - clicked on login link
15:33:04.649 [main] INFO  testCases.TC_002_LoginTest - providing the login details
15:33:05.633 [main] INFO  testCases.TC_002_LoginTest - clicked on login
15:33:05.710 [main] INFO  testCases.TC_002_LoginTest - *** Finished TC_002_LoginTest ****
15:50:05.931 [main] INFO  testCases.TC_001_AccountRegistrationTest - Starting TC_001_AccountRegistrationTest ***
15:50:07.099 [main] INFO  testCases.TC_001_AccountRegistrationTest - clicked on my account link
15:50:07.106 [main] INFO  testCases.TC_001_AccountRegistrationTest - providing customer data
15:50:09.429 [main] INFO  testCases.TC_001_AccountRegistrationTest - clicked on continue
15:50:09.476 [main] INFO  testCases.TC_001_AccountRegistrationTest - validating expected message
15:50:09.482 [main] INFO  testCases.TC_001_AccountRegistrationTest - **** Finished TC_001_AccountRegistrationTest ***
15:50:15.221 [main] INFO  testCases.TC_002_LoginTest - ***Starting TC_02_LoginTest ****
15:50:15.405 [main] INFO  testCases.TC_002_LoginTest - clicked on MyAccount 
15:50:16.015 [main] INFO  testCases.TC_002_LoginTest - clicked on login link
15:50:16.017 [main] INFO  testCases.TC_002_LoginTest - providing the login details
15:50:17.340 [main] INFO  testCases.TC_002_LoginTest - clicked on login
15:50:17.430 [main] INFO  testCases.TC_002_LoginTest - *** Finished TC_002_LoginTest ****
15:56:54.061 [main] INFO  testCases.TC_001_AccountRegistrationTest - Starting TC_001_AccountRegistrationTest ***
15:56:55.114 [main] INFO  testCases.TC_001_AccountRegistrationTest - clicked on my account link
15:56:55.118 [main] INFO  testCases.TC_001_AccountRegistrationTest - providing customer data
15:56:56.866 [main] INFO  testCases.TC_001_AccountRegistrationTest - clicked on continue
15:56:56.917 [main] INFO  testCases.TC_001_AccountRegistrationTest - validating expected message
15:56:56.917 [main] INFO  testCases.TC_001_AccountRegistrationTest - **** Finished TC_001_AccountRegistrationTest ***
15:57:02.300 [main] INFO  testCases.TC_002_LoginTest - ***Starting TC_02_LoginTest ****
15:57:02.423 [main] INFO  testCases.TC_002_LoginTest - clicked on MyAccount 
15:57:02.924 [main] INFO  testCases.TC_002_LoginTest - clicked on login link
15:57:02.928 [main] INFO  testCases.TC_002_LoginTest - providing the login details
15:57:04.033 [main] INFO  testCases.TC_002_LoginTest - clicked on login
15:57:04.094 [main] INFO  testCases.TC_002_LoginTest - *** Finished TC_002_LoginTest ****
17:43:23.428 [main] INFO  testCases.TC_001_AccountRegistrationTest - Starting TC_001_AccountRegistrationTest ***
17:43:24.077 [main] INFO  testCases.TC_001_AccountRegistrationTest - clicked on my account link
17:43:24.079 [main] INFO  testCases.TC_001_AccountRegistrationTest - providing customer data
17:43:25.235 [main] INFO  testCases.TC_001_AccountRegistrationTest - clicked on continue
17:43:25.272 [main] INFO  testCases.TC_001_AccountRegistrationTest - validating expected message
17:43:25.279 [main] INFO  testCases.TC_001_AccountRegistrationTest - **** Finished TC_001_AccountRegistrationTest ***
17:43:29.124 [main] INFO  testCases.TC_002_LoginTest - ***Starting TC_02_LoginTest ****
17:43:29.222 [main] INFO  testCases.TC_002_LoginTest - clicked on MyAccount 
17:43:29.582 [main] INFO  testCases.TC_002_LoginTest - clicked on login link
17:43:29.584 [main] INFO  testCases.TC_002_LoginTest - providing the login details
17:43:30.718 [main] INFO  testCases.TC_002_LoginTest - clicked on login
17:43:30.762 [main] INFO  testCases.TC_002_LoginTest - *** Finished TC_002_LoginTest ****
17:44:47.709 [main] INFO  testCases.TC_001_AccountRegistrationTest - Starting TC_001_AccountRegistrationTest ***
17:44:48.398 [main] INFO  testCases.TC_001_AccountRegistrationTest - clicked on my account link
17:44:48.398 [main] INFO  testCases.TC_001_AccountRegistrationTest - providing customer data
17:44:49.650 [main] INFO  testCases.TC_001_AccountRegistrationTest - clicked on continue
17:44:49.694 [main] INFO  testCases.TC_001_AccountRegistrationTest - validating expected message
17:44:49.710 [main] INFO  testCases.TC_001_AccountRegistrationTest - **** Finished TC_001_AccountRegistrationTest ***
17:44:54.590 [main] INFO  testCases.TC_002_LoginTest - ***Starting TC_02_LoginTest ****
17:44:54.713 [main] INFO  testCases.TC_002_LoginTest - clicked on MyAccount 
17:44:55.148 [main] INFO  testCases.TC_002_LoginTest - clicked on login link
17:44:55.150 [main] INFO  testCases.TC_002_LoginTest - providing the login details
17:44:56.048 [main] INFO  testCases.TC_002_LoginTest - clicked on login
17:44:56.158 [main] INFO  testCases.TC_002_LoginTest - *** Finished TC_002_LoginTest ****
17:48:22.327 [main] INFO  testCases.TC_001_AccountRegistrationTest - Starting TC_001_AccountRegistrationTest ***
17:48:23.136 [main] INFO  testCases.TC_001_AccountRegistrationTest - clicked on my account link
17:48:23.136 [main] INFO  testCases.TC_001_AccountRegistrationTest - providing customer data
17:48:25.017 [main] INFO  testCases.TC_001_AccountRegistrationTest - clicked on continue
17:48:25.053 [main] INFO  testCases.TC_001_AccountRegistrationTest - validating expected message
17:48:25.055 [main] INFO  testCases.TC_001_AccountRegistrationTest - **** Finished TC_001_AccountRegistrationTest ***
17:48:28.842 [main] INFO  testCases.TC_002_LoginTest - ***Starting TC_02_LoginTest ****
17:48:28.921 [main] INFO  testCases.TC_002_LoginTest - clicked on MyAccount 
17:48:29.271 [main] INFO  testCases.TC_002_LoginTest - clicked on login link
17:48:29.272 [main] INFO  testCases.TC_002_LoginTest - providing the login details
17:48:30.069 [main] INFO  testCases.TC_002_LoginTest - clicked on login
17:48:30.111 [main] INFO  testCases.TC_002_LoginTest - *** Finished TC_002_LoginTest ****
